<?xml version="1.0" encoding="UTF-8"?>
<!-- Generated by org.testng.reporters.JUnitReportReporter -->
<testsuite skipped="0" hostname="DESKTOP-SP3TNQB" name="com.actitime.testCases.TC_ACTUsers015" tests="2" failures="0" timestamp="15 Apr 2021 14:43:03 GMT" time="19.162" errors="0">
  <testcase name="addNewUser" time="18.710" classname="com.actitime.testCases.TC_ACTUsers015"/>
  <testcase name="TC_ACTLoginTest" time="0.452" classname="com.actitime.testCases.TC_ACTUsers015"/>
</testsuite> <!-- com.actitime.testCases.TC_ACTUsers015 -->
