<?xml version="1.0" encoding="UTF-8"?>
<!-- Generated by org.testng.reporters.JUnitReportReporter -->
<testsuite skipped="0" hostname="DESKTOP-SP3TNQB" name="com.actitime.testCases.TC_ACTTimeTrack005" tests="2" failures="0" timestamp="13 Apr 2021 12:17:04 GMT" time="15.565" errors="0">
  <testcase name="TC_ACTLoginTest" time="0.360" classname="com.actitime.testCases.TC_ACTTimeTrack005"/>
  <testcase name="downloadPdF" time="15.205" classname="com.actitime.testCases.TC_ACTTimeTrack005"/>
</testsuite> <!-- com.actitime.testCases.TC_ACTTimeTrack005 -->
