<?xml version="1.0" encoding="UTF-8"?>
<!-- Generated by org.testng.reporters.JUnitReportReporter -->
<testsuite skipped="0" hostname="DESKTOP-SP3TNQB" name="com.actitime.testCases.TC_ACTReports006" tests="2" failures="0" timestamp="13 Apr 2021 13:46:25 GMT" time="16.648" errors="0">
  <testcase name="TC_ACTLoginTest" time="0.449" classname="com.actitime.testCases.TC_ACTReports006"/>
  <testcase name="createChart" time="16.199" classname="com.actitime.testCases.TC_ACTReports006"/>
</testsuite> <!-- com.actitime.testCases.TC_ACTReports006 -->
