<?xml version="1.0" encoding="UTF-8"?>
<!-- Generated by org.testng.reporters.JUnitReportReporter -->
<testsuite skipped="0" hostname="DESKTOP-SP3TNQB" name="com.actitime.testCases.TC_ACTReports014" tests="2" failures="0" timestamp="14 Apr 2021 14:11:33 GMT" time="26.599" errors="0">
  <testcase name="TC_ACTLoginTest" time="0.315" classname="com.actitime.testCases.TC_ACTReports014"/>
  <testcase name="createProfitlossReport" time="26.284" classname="com.actitime.testCases.TC_ACTReports014"/>
</testsuite> <!-- com.actitime.testCases.TC_ACTReports014 -->
