<?xml version="1.0" encoding="UTF-8"?>
<!-- Generated by org.testng.reporters.JUnitReportReporter -->
<testsuite skipped="0" hostname="DESKTOP-SP3TNQB" name="com.actitime.testCases.TC_ACTTimeTrack002" tests="2" failures="0" timestamp="12 Apr 2021 13:46:08 GMT" time="8.557" errors="0">
  <testcase name="createNewTask" time="8.165" classname="com.actitime.testCases.TC_ACTTimeTrack002"/>
  <testcase name="TC_ACTLoginTest" time="0.392" classname="com.actitime.testCases.TC_ACTTimeTrack002"/>
</testsuite> <!-- com.actitime.testCases.TC_ACTTimeTrack002 -->
