<?xml version="1.0" encoding="UTF-8"?>
<!-- Generated by org.testng.reporters.JUnitReportReporter -->
<testsuite skipped="0" hostname="DESKTOP-SP3TNQB" name="com.actitime.testCases.TC_ACTReports007" tests="2" failures="0" timestamp="14 Apr 2021 07:44:33 GMT" time="17.516" errors="0">
  <testcase name="downloadChart" time="17.112" classname="com.actitime.testCases.TC_ACTReports007"/>
  <testcase name="TC_ACTLoginTest" time="0.404" classname="com.actitime.testCases.TC_ACTReports007"/>
</testsuite> <!-- com.actitime.testCases.TC_ACTReports007 -->
