<?xml version="1.0" encoding="UTF-8"?>
<!-- Generated by org.testng.reporters.JUnitReportReporter -->
<testsuite skipped="0" hostname="DESKTOP-SP3TNQB" name="com.actitime.testCases.TC_ACTReports009" tests="2" failures="0" timestamp="14 Apr 2021 11:07:55 GMT" time="16.127" errors="0">
  <testcase name="copyUsersWithodDeptReport" time="15.812" classname="com.actitime.testCases.TC_ACTReports009"/>
  <testcase name="TC_ACTLoginTest" time="0.315" classname="com.actitime.testCases.TC_ACTReports009"/>
</testsuite> <!-- com.actitime.testCases.TC_ACTReports009 -->
