<?xml version="1.0" encoding="UTF-8"?>
<!-- Generated by org.testng.reporters.JUnitReportReporter -->
<testsuite skipped="0" hostname="DESKTOP-SP3TNQB" name="com.actitime.testCases.TC_ACTReports008" tests="2" failures="0" timestamp="14 Apr 2021 08:17:46 GMT" time="12.709" errors="0">
  <testcase name="TC_ACTLoginTest" time="0.404" classname="com.actitime.testCases.TC_ACTReports008"/>
  <testcase name="deleteChart" time="12.305" classname="com.actitime.testCases.TC_ACTReports008"/>
</testsuite> <!-- com.actitime.testCases.TC_ACTReports008 -->
