<?xml version="1.0" encoding="UTF-8"?>
<!-- Generated by org.testng.reporters.JUnitReportReporter -->
<testsuite skipped="0" hostname="DESKTOP-SP3TNQB" name="com.actitime.testCases.TC_ACTReports012" tests="2" failures="0" timestamp="14 Apr 2021 14:11:33 GMT" time="22.060" errors="0">
  <testcase name="createTimetrackReport" time="21.715" classname="com.actitime.testCases.TC_ACTReports012"/>
  <testcase name="TC_ACTLoginTest" time="0.345" classname="com.actitime.testCases.TC_ACTReports012"/>
</testsuite> <!-- com.actitime.testCases.TC_ACTReports012 -->
