<?xml version="1.0" encoding="UTF-8"?>
<!-- Generated by org.testng.reporters.JUnitReportReporter -->
<testsuite skipped="0" hostname="DESKTOP-SP3TNQB" name="com.actitime.testCases.TC_ACTReports013" tests="2" failures="0" timestamp="14 Apr 2021 14:11:34 GMT" time="22.700" errors="0">
  <testcase name="TC_ACTLoginTest" time="0.444" classname="com.actitime.testCases.TC_ACTReports013"/>
  <testcase name="createEstivsActualReport" time="22.256" classname="com.actitime.testCases.TC_ACTReports013"/>
</testsuite> <!-- com.actitime.testCases.TC_ACTReports013 -->
