<?xml version="1.0" encoding="UTF-8"?>
<!-- Generated by org.testng.reporters.JUnitReportReporter -->
<testsuite skipped="0" hostname="DESKTOP-SP3TNQB" name="com.actitime.testCases.TC_ACTReports010" tests="2" failures="0" timestamp="14 Apr 2021 12:17:46 GMT" time="21.088" errors="0">
  <testcase name="createStaffReport" time="20.690" classname="com.actitime.testCases.TC_ACTReports010"/>
  <testcase name="TC_ACTLoginTest" time="0.398" classname="com.actitime.testCases.TC_ACTReports010"/>
</testsuite> <!-- com.actitime.testCases.TC_ACTReports010 -->
