<?xml version="1.0" encoding="UTF-8"?>
<!-- Generated by org.testng.reporters.JUnitReportReporter -->
<testsuite skipped="0" hostname="DESKTOP-SP3TNQB" name="com.actitime.testCases.TC_ACTUsers016" tests="2" failures="0" timestamp="15 Apr 2021 17:22:02 GMT" time="14.760" errors="0">
  <testcase name="addNewDept" time="14.318" classname="com.actitime.testCases.TC_ACTUsers016"/>
  <testcase name="TC_ACTLoginTest" time="0.442" classname="com.actitime.testCases.TC_ACTUsers016"/>
</testsuite> <!-- com.actitime.testCases.TC_ACTUsers016 -->
