<?xml version="1.0" encoding="UTF-8"?>
<!-- Generated by org.testng.reporters.JUnitReportReporter -->
<testsuite skipped="0" hostname="DESKTOP-SP3TNQB" name="com.actitime.testCases.TC_ACTTimeTrack003" tests="2" failures="0" timestamp="08 Apr 2021 11:18:26 GMT" time="10.980" errors="0">
  <testcase name="TC_ACTLoginTest" time="0.479" classname="com.actitime.testCases.TC_ACTTimeTrack003"/>
  <testcase name="createTaskFromList" time="10.501" classname="com.actitime.testCases.TC_ACTTimeTrack003"/>
</testsuite> <!-- com.actitime.testCases.TC_ACTTimeTrack003 -->
