<?xml version="1.0" encoding="UTF-8"?>
<!-- Generated by org.testng.reporters.JUnitReportReporter -->
<testsuite skipped="0" hostname="DESKTOP-SP3TNQB" name="com.actitime.testCases.TC_ACTTimeTrack004" tests="2" failures="0" timestamp="13 Apr 2021 11:51:37 GMT" time="7.055" errors="0">
  <testcase name="deleteTask" time="6.734" classname="com.actitime.testCases.TC_ACTTimeTrack004"/>
  <testcase name="TC_ACTLoginTest" time="0.321" classname="com.actitime.testCases.TC_ACTTimeTrack004"/>
</testsuite> <!-- com.actitime.testCases.TC_ACTTimeTrack004 -->
