<?xml version="1.0" encoding="UTF-8"?>
<!-- Generated by org.testng.reporters.JUnitReportReporter -->
<testsuite skipped="0" hostname="DESKTOP-SP3TNQB" name="com.actitime.testCases.TC_ACTLoginTest001" tests="1" failures="0" timestamp="08 Apr 2021 10:33:44 GMT" time="0.639" errors="0">
  <testcase name="TC_ACTLoginTest" time="0.639" classname="com.actitime.testCases.TC_ACTLoginTest001"/>
</testsuite> <!-- com.actitime.testCases.TC_ACTLoginTest001 -->
